# JRE version: Java(TM) SE Runtime Environment (17.0+35) (build 17+35-LTS-2724)
# Java VM: Java HotSpot(TM) 64-Bit Server VM (17+35-LTS-2724, mixed mode, sharing, tiered, compressed oops, compressed class ptrs, g1 gc, windows-amd64)
GC Precious Log:
 CPUs: 8 total, 8 available
 Memory: 16192M
 Large Page Support: Disabled
 NUMA Support: Disabled
 Compressed Oops: Enabled (Zero based)
 Heap Region Size: 2M
 Heap Min Capacity: 8M
 Heap Initial Capacity: 254M
 Heap Max Capacity: 4050M
 Pre-touch: Disabled
 Parallel Workers: 8
 Concurrent Workers: 2
 Concurrent Refinement Workers: 8
 Periodic GC: Disabled
Heap:
 garbage-first heap   total 1052672K, used 417730K [0x0000000702e00000, 0x0000000800000000)
  region size 2048K, 64 young (131072K), 7 survivors (14336K)
 Metaspace       used 35270K, committed 35776K, reserved 1081344K
  class space    used 4339K, committed 4608K, reserved 1048576K
GC Heap History (20 events):
Event: 6.449 GC heap before
{Heap before GC invocations=12 (full 0):
 garbage-first heap   total 204800K, used 140156K [0x0000000702e00000, 0x0000000800000000)
  region size 2048K, 42 young (86016K), 2 survivors (4096K)
 Metaspace       used 28684K, committed 29120K, reserved 1081344K
  class space    used 3634K, committed 3840K, reserved 1048576K
}
Event: 6.471 GC heap after
{Heap after GC invocations=13 (full 0):
 garbage-first heap   total 204800K, used 75111K [0x0000000702e00000, 0x0000000800000000)
  region size 2048K, 6 young (12288K), 6 survivors (12288K)
 Metaspace       used 28684K, committed 29120K, reserved 1081344K
  class space    used 3634K, committed 3840K, reserved 1048576K
}
Event: 6.563 GC heap before
{Heap before GC invocations=13 (full 0):
 garbage-first heap   total 204800K, used 146791K [0x0000000702e00000, 0x0000000800000000)
  region size 2048K, 39 young (79872K), 6 survivors (12288K)
 Metaspace       used 28684K, committed 29120K, reserved 1081344K
  class space    used 3634K, committed 3840K, reserved 1048576K
}
Event: 6.587 GC heap after
{Heap after GC invocations=14 (full 0):
 garbage-first heap   total 204800K, used 93737K [0x0000000702e00000, 0x0000000800000000)
  region size 2048K, 5 young (10240K), 5 survivors (10240K)
 Metaspace       used 28684K, committed 29120K, reserved 1081344K
  class space    used 3634K, committed 3840K, reserved 1048576K
}
Event: 6.652 GC heap before
{Heap before GC invocations=14 (full 0):
 garbage-first heap   total 204800K, used 151081K [0x0000000702e00000, 0x0000000800000000)
  region size 2048K, 33 young (67584K), 5 survivors (10240K)
 Metaspace       used 28684K, committed 29120K, reserved 1081344K
  class space    used 3634K, committed 3840K, reserved 1048576K
}
Event: 6.669 GC heap after
{Heap after GC invocations=15 (full 0):
 garbage-first heap   total 204800K, used 106460K [0x0000000702e00000, 0x0000000800000000)
  region size 2048K, 5 young (10240K), 5 survivors (10240K)
 Metaspace       used 28684K, committed 29120K, reserved 1081344K
  class space    used 3634K, committed 3840K, reserved 1048576K
}
Event: 6.691 GC heap before
{Heap before GC invocations=15 (full 0):
 garbage-first heap   total 204800K, used 124892K [0x0000000702e00000, 0x0000000800000000)
  region size 2048K, 15 young (30720K), 5 survivors (10240K)
 Metaspace       used 28684K, committed 29120K, reserved 1081344K
  class space    used 3634K, committed 3840K, reserved 1048576K
}
Event: 6.705 GC heap after
{Heap after GC invocations=16 (full 0):
 garbage-first heap   total 204800K, used 113054K [0x0000000702e00000, 0x0000000800000000)
  region size 2048K, 3 young (6144K), 3 survivors (6144K)
 Metaspace       used 28684K, committed 29120K, reserved 1081344K
  class space    used 3634K, committed 3840K, reserved 1048576K
}
Event: 6.759 GC heap before
{Heap before GC invocations=16 (full 0):
 garbage-first heap   total 204800K, used 162206K [0x0000000702e00000, 0x0000000800000000)
  region size 2048K, 25 young (51200K), 3 survivors (6144K)
 Metaspace       used 28684K, committed 29120K, reserved 1081344K
  class space    used 3634K, committed 3840K, reserved 1048576K
}
Event: 6.773 GC heap after
{Heap after GC invocations=17 (full 0):
 garbage-first heap   total 565248K, used 126233K [0x0000000702e00000, 0x0000000800000000)
  region size 2048K, 4 young (8192K), 4 survivors (8192K)
 Metaspace       used 28684K, committed 29120K, reserved 1081344K
  class space    used 3634K, committed 3840K, reserved 1048576K
}
Event: 7.192 GC heap before
{Heap before GC invocations=18 (full 0):
 garbage-first heap   total 479232K, used 384281K [0x0000000702e00000, 0x0000000800000000)
  region size 2048K, 128 young (262144K), 4 survivors (8192K)
 Metaspace       used 28685K, committed 29120K, reserved 1081344K
  class space    used 3634K, committed 3840K, reserved 1048576K
}
Event: 7.224 GC heap after
{Heap after GC invocations=19 (full 0):
 garbage-first heap   total 479232K, used 182829K [0x0000000702e00000, 0x0000000800000000)
  region size 2048K, 16 young (32768K), 16 survivors (32768K)
 Metaspace       used 28685K, committed 29120K, reserved 1081344K
  class space    used 3634K, committed 3840K, reserved 1048576K
}
Event: 7.352 GC heap before
{Heap before GC invocations=19 (full 0):
 garbage-first heap   total 479232K, used 336429K [0x0000000702e00000, 0x0000000800000000)
  region size 2048K, 87 young (178176K), 16 survivors (32768K)
 Metaspace       used 28685K, committed 29120K, reserved 1081344K
  class space    used 3634K, committed 3840K, reserved 1048576K
}
Event: 7.385 GC heap after
{Heap after GC invocations=20 (full 0):
 garbage-first heap   total 479232K, used 223592K [0x0000000702e00000, 0x0000000800000000)
  region size 2048K, 11 young (22528K), 11 survivors (22528K)
 Metaspace       used 28685K, committed 29120K, reserved 1081344K
  class space    used 3634K, committed 3840K, reserved 1048576K
}
Event: 7.499 GC heap before
{Heap before GC invocations=20 (full 0):
 garbage-first heap   total 479232K, used 350568K [0x0000000702e00000, 0x0000000800000000)
  region size 2048K, 73 young (149504K), 11 survivors (22528K)
 Metaspace       used 28685K, committed 29120K, reserved 1081344K
  class space    used 3634K, committed 3840K, reserved 1048576K
}
Event: 7.522 GC heap after
{Heap after GC invocations=21 (full 0):
 garbage-first heap   total 479232K, used 254112K [0x0000000702e00000, 0x0000000800000000)
  region size 2048K, 10 young (20480K), 10 survivors (20480K)
 Metaspace       used 28685K, committed 29120K, reserved 1081344K
  class space    used 3634K, committed 3840K, reserved 1048576K
}
Event: 7.616 GC heap before
{Heap before GC invocations=21 (full 0):
 garbage-first heap   total 479232K, used 366752K [0x0000000702e00000, 0x0000000800000000)
  region size 2048K, 65 young (133120K), 10 survivors (20480K)
 Metaspace       used 28685K, committed 29120K, reserved 1081344K
  class space    used 3634K, committed 3840K, reserved 1048576K
}
Event: 7.638 GC heap after
{Heap after GC invocations=22 (full 0):
 garbage-first heap   total 479232K, used 281881K [0x0000000702e00000, 0x0000000800000000)
  region size 2048K, 9 young (18432K), 9 survivors (18432K)
 Metaspace       used 28685K, committed 29120K, reserved 1081344K
  class space    used 3634K, committed 3840K, reserved 1048576K
}
Event: 7.720 GC heap before
{Heap before GC invocations=22 (full 0):
 garbage-first heap   total 479232K, used 378137K [0x0000000702e00000, 0x0000000800000000)
  region size 2048K, 56 young (114688K), 9 survivors (18432K)
 Metaspace       used 28685K, committed 29120K, reserved 1081344K
  class space    used 3634K, committed 3840K, reserved 1048576K
}
Event: 7.742 GC heap after
{Heap after GC invocations=23 (full 0):
 garbage-first heap   total 1052672K, used 305090K [0x0000000702e00000, 0x0000000800000000)
  region size 2048K, 7 young (14336K), 7 survivors (14336K)
 Metaspace       used 28685K, committed 29120K, reserved 1081344K
  class space    used 3634K, committed 3840K, reserved 1048576K
}

